Questionable use of curly braces in "keepuserplacement={false}"
    Error: undefined symbol in: "[false]"
Questionable use of curly braces in "mcu.cpn={stm32f103rbt6}"
    Error: undefined symbol in: "[stm32f103rbt6]"
Questionable use of curly braces in "mcu.family={stm32f1}"
    Error: undefined symbol in: "[stm32f1]"
Questionable use of curly braces in "mcu.ip0={i2c1}"
    Error: undefined symbol in: "[i2c1]"
Questionable use of curly braces in "mcu.ip1={nvic}"
    Error: undefined symbol in: "[nvic]"
Questionable use of curly braces in "mcu.ip2={rcc}"
    Error: undefined symbol in: "[rcc]"
Questionable use of curly braces in "mcu.ip3={sys}"
    Error: undefined symbol in: "[sys]"
Questionable use of curly braces in "mcu.ip4={usart2}"
    Error: undefined symbol in: "[usart2]"
Questionable use of curly braces in "mcu.package={lqfp64}"
    Error: undefined symbol in: "[lqfp64]"
Questionable use of curly braces in "mcu.pin10={pb10}"
    Error: undefined symbol in: "[pb10]"
Questionable use of curly braces in "mcu.pin11={pb11}"
    Error: undefined symbol in: "[pb11]"
Questionable use of curly braces in "mcu.pin12={pb12}"
    Error: undefined symbol in: "[pb12]"
Questionable use of curly braces in "mcu.pin13={pb13}"
    Error: undefined symbol in: "[pb13]"
Questionable use of curly braces in "mcu.pin14={pb14}"
    Error: undefined symbol in: "[pb14]"
Questionable use of curly braces in "mcu.pin15={pc7}"
    Error: undefined symbol in: "[pc7]"
Questionable use of curly braces in "mcu.pin16={pa11}"
    Error: undefined symbol in: "[pa11]"
Questionable use of curly braces in "mcu.pin17={pa13}"
    Error: undefined symbol in: "[pa13]"
Questionable use of curly braces in "mcu.pin18={pa14}"
    Error: undefined symbol in: "[pa14]"
Questionable use of curly braces in "mcu.pin19={pc10}"
    Error: undefined symbol in: "[pc10]"
Questionable use of curly braces in "mcu.pin20={pc11}"
    Error: undefined symbol in: "[pc11]"
Questionable use of curly braces in "mcu.pin21={pb3}"
    Error: undefined symbol in: "[pb3]"
Questionable use of curly braces in "mcu.pin22={pb4}"
    Error: undefined symbol in: "[pb4]"
Questionable use of curly braces in "mcu.pin23={pb5}"
    Error: undefined symbol in: "[pb5]"
Questionable use of curly braces in "mcu.pin24={pb6}"
    Error: undefined symbol in: "[pb6]"
Questionable use of curly braces in "mcu.pin25={pb7}"
    Error: undefined symbol in: "[pb7]"
Questionable use of curly braces in "mcu.pin26={vp_sys_vs_systick}"
    Error: undefined symbol in: "[vp_sys_vs_systick]"
Questionable use of curly braces in "mcu.pin5={pa2}"
    Error: undefined symbol in: "[pa2]"
Questionable use of curly braces in "mcu.pin6={pa3}"
    Error: undefined symbol in: "[pa3]"
Questionable use of curly braces in "mcu.pin7={pa5}"
    Error: undefined symbol in: "[pa5]"
Questionable use of curly braces in "mcu.pin8={pb1}"
    Error: undefined symbol in: "[pb1]"
Questionable use of curly braces in "mcu.pin9={pb2}"
    Error: undefined symbol in: "[pb2]"
Questionable use of curly braces in "mcu.username={stm32f103rbtx}"
    Error: undefined symbol in: "[stm32f103rbtx]"
Questionable use of curly braces in "mxdb.version={db.6.0.150}"
    Error: undefined symbol in: "[db.6.0.150]"
Questionable use of curly braces in "nvic.busfault_irqn={true\:0\:0\:false\:false\:true\:true\:false\:false}"
    Error: undefined symbol in: "[true\:0\:0\:false\:false\:true\:true\:false\:false]"
Questionable use of curly braces in "nvic.debugmonitor_irqn={true\:0\:0\:false\:false\:true\:true\:false\:false}"
    Error: undefined symbol in: "[true\:0\:0\:false\:false\:true\:true\:false\:false]"
Questionable use of curly braces in "nvic.exti15_10_irqn={true\:0\:0\:false\:false\:true\:true\:true\:true}"
    Error: undefined symbol in: "[true\:0\:0\:false\:false\:true\:true\:true\:true]"
Questionable use of curly braces in "nvic.forceenabledmavector={true}"
    Error: undefined symbol in: "[true]"
Questionable use of curly braces in "nvic.hardfault_irqn={true\:0\:0\:false\:false\:true\:true\:false\:false}"
    Error: undefined symbol in: "[true\:0\:0\:false\:false\:true\:true\:false\:false]"
Questionable use of curly braces in "nvic.memorymanagement_irqn={true\:0\:0\:false\:false\:true\:true\:false\:false}"
    Error: undefined symbol in: "[true\:0\:0\:false\:false\:true\:true\:false\:false]"
Questionable use of curly braces in "nvic.nonmaskableint_irqn={true\:0\:0\:false\:false\:true\:true\:false\:false}"
    Error: undefined symbol in: "[true\:0\:0\:false\:false\:true\:true\:false\:false]"
Questionable use of curly braces in "nvic.pendsv_irqn={true\:0\:0\:false\:false\:true\:true\:false\:false}"
    Error: undefined symbol in: "[true\:0\:0\:false\:false\:true\:true\:false\:false]"
Questionable use of curly braces in "nvic.prioritygroup={nvic_prioritygroup_4}"
    Error: undefined symbol in: "[nvic_prioritygroup_4]"
Questionable use of curly braces in "nvic.svcall_irqn={true\:0\:0\:false\:false\:true\:true\:false\:false}"
    Error: undefined symbol in: "[true\:0\:0\:false\:false\:true\:true\:false\:false]"
Questionable use of curly braces in "nvic.systick_irqn={true\:0\:0\:false\:false\:true\:true\:true\:false}"
    Error: undefined symbol in: "[true\:0\:0\:false\:false\:true\:true\:true\:false]"
Questionable use of curly braces in "nvic.usagefault_irqn={true\:0\:0\:false\:false\:true\:true\:false\:false}"
    Error: undefined symbol in: "[true\:0\:0\:false\:false\:true\:true\:false\:false]"
Questionable use of curly braces in "pa11.gpioparameters={gpio_label}"
    Error: undefined symbol in: "[gpio_label]"
Questionable use of curly braces in "pa11.gpio_label={display_e}"
    Error: undefined symbol in: "[display_e]"
Questionable use of curly braces in "pa11.locked={true}"
    Error: undefined symbol in: "[true]"
Questionable use of curly braces in "pa11.signal={gpio_output}"
    Error: undefined symbol in: "[gpio_output]"
Questionable use of curly braces in "pa13.gpioparameters={gpio_label}"
    Error: undefined symbol in: "[gpio_label]"
Questionable use of curly braces in "pa13.gpio_label={tms}"
    Error: undefined symbol in: "[tms]"
Questionable use of curly braces in "pa13.locked={true}"
    Error: undefined symbol in: "[true]"
Questionable use of curly braces in "pa13.mode={serial_wire}"
    Error: undefined symbol in: "[serial_wire]"
Questionable use of curly braces in "pa14.gpioparameters={gpio_label}"
    Error: undefined symbol in: "[gpio_label]"
Questionable use of curly braces in "pa14.gpio_label={tck}"
    Error: undefined symbol in: "[tck]"
Questionable use of curly braces in "pa14.locked={true}"
    Error: undefined symbol in: "[true]"
Questionable use of curly braces in "pa14.mode={serial_wire}"
    Error: undefined symbol in: "[serial_wire]"
Questionable use of curly braces in "pa2.gpio_label={usart_tx}"
    Error: undefined symbol in: "[usart_tx]"
Questionable use of curly braces in "pa2.gpio_mode={gpio_mode_af_pp}"
    Error: undefined symbol in: "[gpio_mode_af_pp]"
Questionable use of curly braces in "pa2.gpio_pupd={gpio_nopull}"
    Error: undefined symbol in: "[gpio_nopull]"
Questionable use of curly braces in "pa2.gpio_speed={gpio_speed_freq_low}"
    Error: undefined symbol in: "[gpio_speed_freq_low]"
Questionable use of curly braces in "pa2.locked={true}"
    Error: undefined symbol in: "[true]"
Questionable use of curly braces in "pa2.mode={asynchronous}"
    Error: undefined symbol in: "[asynchronous]"
Questionable use of curly braces in "pa2.signal={usart2_tx}"
    Error: undefined symbol in: "[usart2_tx]"
Questionable use of curly braces in "pa3.gpio_label={usart_rx}"
    Error: undefined symbol in: "[usart_rx]"
Questionable use of curly braces in "pa3.gpio_mode={gpio_mode_af_pp}"
    Error: undefined symbol in: "[gpio_mode_af_pp]"
Questionable use of curly braces in "pa3.gpio_pupd={gpio_nopull}"
    Error: undefined symbol in: "[gpio_nopull]"
Questionable use of curly braces in "pa3.gpio_speed={gpio_speed_freq_low}"
    Error: undefined symbol in: "[gpio_speed_freq_low]"
Questionable use of curly braces in "pa3.locked={true}"
    Error: undefined symbol in: "[true]"
Questionable use of curly braces in "pa3.mode={asynchronous}"
    Error: undefined symbol in: "[asynchronous]"
Questionable use of curly braces in "pa3.signal={usart2_rx}"
    Error: undefined symbol in: "[usart2_rx]"
Questionable use of curly braces in "pa5.gpio_label={ld2} [green led]"
    Error: undefined symbol in: "[ld2]"
Questionable use of curly braces in "pa5.gpio_modedefaultoutputpp={gpio_mode_output_pp}"
    Error: undefined symbol in: "[gpio_mode_output_pp]"
Questionable use of curly braces in "pa5.gpio_pupd={gpio_nopull}"
    Error: undefined symbol in: "[gpio_nopull]"
Questionable use of curly braces in "pa5.gpio_speed={gpio_speed_freq_low}"
    Error: undefined symbol in: "[gpio_speed_freq_low]"
Questionable use of curly braces in "pa5.locked={true}"
    Error: undefined symbol in: "[true]"
Questionable use of curly braces in "pa5.signal={gpio_output}"
    Error: undefined symbol in: "[gpio_output]"
Questionable use of curly braces in "pb1.gpioparameters={gpio_label}"
    Error: undefined symbol in: "[gpio_label]"
Questionable use of curly braces in "pb1.gpio_label={led_kid}"
    Error: undefined symbol in: "[led_kid]"
Questionable use of curly braces in "pb1.locked={true}"
    Error: undefined symbol in: "[true]"
Questionable use of curly braces in "pb1.signal={gpio_output}"
    Error: undefined symbol in: "[gpio_output]"
Questionable use of curly braces in "pb10.gpioparameters={gpio_label}"
    Error: undefined symbol in: "[gpio_label]"
Questionable use of curly braces in "pb10.gpio_label={led_alarm}"
    Error: undefined symbol in: "[led_alarm]"
Questionable use of curly braces in "pb10.locked={true}"
    Error: undefined symbol in: "[true]"
Questionable use of curly braces in "pb10.signal={gpio_output}"
    Error: undefined symbol in: "[gpio_output]"
Questionable use of curly braces in "pb11.gpioparameters={gpio_label}"
    Error: undefined symbol in: "[gpio_label]"
Questionable use of curly braces in "pb11.gpio_label={led_bl}"
    Error: undefined symbol in: "[led_bl]"
Questionable use of curly braces in "pb11.locked={true}"
    Error: undefined symbol in: "[true]"
Questionable use of curly braces in "pb11.signal={gpio_output}"
    Error: undefined symbol in: "[gpio_output]"
Questionable use of curly braces in "pb12.gpioparameters={gpio_label}"
    Error: undefined symbol in: "[gpio_label]"
Questionable use of curly braces in "pb12.gpio_label={display_rs}"
    Error: undefined symbol in: "[display_rs]"
Questionable use of curly braces in "pb12.locked={true}"
    Error: undefined symbol in: "[true]"
Questionable use of curly braces in "pb12.signal={gpio_output}"
    Error: undefined symbol in: "[gpio_output]"
Questionable use of curly braces in "pb13.gpioparameters={gpio_label}"
    Error: undefined symbol in: "[gpio_label]"
Questionable use of curly braces in "pb13.gpio_label={display_d6}"
    Error: undefined symbol in: "[display_d6]"
Questionable use of curly braces in "pb13.locked={true}"
    Error: undefined symbol in: "[true]"
Questionable use of curly braces in "pb13.signal={gpio_output}"
    Error: undefined symbol in: "[gpio_output]"
Questionable use of curly braces in "pb14.gpioparameters={gpio_label}"
    Error: undefined symbol in: "[gpio_label]"
Questionable use of curly braces in "pb14.gpio_label={display_d7}"
    Error: undefined symbol in: "[display_d7]"
Questionable use of curly braces in "pb14.locked={true}"
    Error: undefined symbol in: "[true]"
Questionable use of curly braces in "pb14.signal={gpio_output}"
    Error: undefined symbol in: "[gpio_output]"
Questionable use of curly braces in "pb2.gpioparameters={gpio_label}"
    Error: undefined symbol in: "[gpio_label]"
Questionable use of curly braces in "pb2.gpio_label={led_adult}"
    Error: undefined symbol in: "[led_adult]"
Questionable use of curly braces in "pb2.locked={true}"
    Error: undefined symbol in: "[true]"
Questionable use of curly braces in "pb2.signal={gpio_output}"
    Error: undefined symbol in: "[gpio_output]"
Questionable use of curly braces in "pb3.gpioparameters={gpio_label}"
    Error: undefined symbol in: "[gpio_label]"
Questionable use of curly braces in "pb3.gpio_label={swo}"
    Error: undefined symbol in: "[swo]"
Questionable use of curly braces in "pb3.locked={true}"
    Error: undefined symbol in: "[true]"
Questionable use of curly braces in "pb4.gpioparameters={gpio_label}"
    Error: undefined symbol in: "[gpio_label]"
Questionable use of curly braces in "pb4.gpio_label={display_d5}"
    Error: undefined symbol in: "[display_d5]"
Questionable use of curly braces in "pb4.locked={true}"
    Error: undefined symbol in: "[true]"
Questionable use of curly braces in "pb4.signal={gpio_output}"
    Error: undefined symbol in: "[gpio_output]"
Questionable use of curly braces in "pb5.gpioparameters={gpio_label}"
    Error: undefined symbol in: "[gpio_label]"
Questionable use of curly braces in "pb5.gpio_label={display_d4}"
    Error: undefined symbol in: "[display_d4]"
Questionable use of curly braces in "pb5.locked={true}"
    Error: undefined symbol in: "[true]"
Questionable use of curly braces in "pb5.signal={gpio_output}"
    Error: undefined symbol in: "[gpio_output]"
Questionable use of curly braces in "pb6.mode={i2c}"
    Error: undefined symbol in: "[i2c]"
Questionable use of curly braces in "pb6.signal={i2c1_scl}"
    Error: undefined symbol in: "[i2c1_scl]"
Questionable use of curly braces in "pb7.mode={i2c}"
    Error: undefined symbol in: "[i2c]"
Questionable use of curly braces in "pb7.signal={i2c1_sda}"
    Error: undefined symbol in: "[i2c1_sda]"
Questionable use of curly braces in "pc10.gpio_label={btn_modo}"
    Error: undefined symbol in: "[btn_modo]"
Questionable use of curly braces in "pc10.gpio_modedefaultexti={gpio_mode_it_falling}"
    Error: undefined symbol in: "[gpio_mode_it_falling]"
Questionable use of curly braces in "pc10.gpio_pupd={gpio_pullup}"
    Error: undefined symbol in: "[gpio_pullup]"
Questionable use of curly braces in "pc10.locked={true}"
    Error: undefined symbol in: "[true]"
Questionable use of curly braces in "pc10.signal={gpxti10}"
    Error: undefined symbol in: "[gpxti10]"
Questionable use of curly braces in "pc11.gpio_label={btn_alarm}"
    Error: undefined symbol in: "[btn_alarm]"
Questionable use of curly braces in "pc11.gpio_modedefaultexti={gpio_mode_it_falling}"
    Error: undefined symbol in: "[gpio_mode_it_falling]"
Questionable use of curly braces in "pc11.gpio_pupd={gpio_pullup}"
    Error: undefined symbol in: "[gpio_pullup]"
Questionable use of curly braces in "pc11.locked={true}"
    Error: undefined symbol in: "[true]"
Questionable use of curly braces in "pc11.signal={gpxti11}"
    Error: undefined symbol in: "[gpxti11]"
Questionable use of curly braces in "pc13-tamper-rtc.gpio_label={b1} [blue pushbutton]"
    Error: undefined symbol in: "[b1]"
Questionable use of curly braces in "pc13-tamper-rtc.gpio_pupd={gpio_nopull}"
    Error: undefined symbol in: "[gpio_nopull]"
Questionable use of curly braces in "pc13-tamper-rtc.locked={true}"
    Error: undefined symbol in: "[true]"
Questionable use of curly braces in "pc13-tamper-rtc.signal={gpxti13}"
    Error: undefined symbol in: "[gpxti13]"
Questionable use of curly braces in "pc14-osc32_in.locked={true}"
    Error: undefined symbol in: "[true]"
Questionable use of curly braces in "pc14-osc32_in.signal={rcc_osc32_in}"
    Error: undefined symbol in: "[rcc_osc32_in]"
Questionable use of curly braces in "pc15-osc32_out.locked={true}"
    Error: undefined symbol in: "[true]"
Questionable use of curly braces in "pc15-osc32_out.signal={rcc_osc32_out}"
    Error: undefined symbol in: "[rcc_osc32_out]"
Questionable use of curly braces in "pc7.gpioparameters={gpio_label}"
    Error: undefined symbol in: "[gpio_label]"
Questionable use of curly braces in "pc7.gpio_label={buzzer}"
    Error: undefined symbol in: "[buzzer]"
Questionable use of curly braces in "pc7.locked={true}"
    Error: undefined symbol in: "[true]"
Questionable use of curly braces in "pc7.signal={gpio_output}"
    Error: undefined symbol in: "[gpio_output]"
Questionable use of curly braces in "pd0-osc_in.locked={true}"
    Error: undefined symbol in: "[true]"
Questionable use of curly braces in "pd0-osc_in.signal={rcc_osc_in}"
    Error: undefined symbol in: "[rcc_osc_in]"
Questionable use of curly braces in "pd1-osc_out.locked={true}"
    Error: undefined symbol in: "[true]"
Questionable use of curly braces in "pd1-osc_out.signal={rcc_osc_out}"
    Error: undefined symbol in: "[rcc_osc_out]"
Questionable use of curly braces in "projectmanager.askformigrate={true}"
    Error: undefined symbol in: "[true]"
Questionable use of curly braces in "projectmanager.backupprevious={false}"
    Error: undefined symbol in: "[false]"
Questionable use of curly braces in "projectmanager.compilerlinker={gcc}"
    Error: undefined symbol in: "[gcc]"
Questionable use of curly braces in "projectmanager.computertoolchain={false}"
    Error: undefined symbol in: "[false]"
Questionable use of curly braces in "projectmanager.couplefile={false}"
    Error: undefined symbol in: "[false]"
Questionable use of curly braces in "projectmanager.defaultfwlocation={true}"
    Error: undefined symbol in: "[true]"
Questionable use of curly braces in "projectmanager.deleteprevious={true}"
    Error: undefined symbol in: "[true]"
Questionable use of curly braces in "projectmanager.deviceid={stm32f103rbtx}"
    Error: undefined symbol in: "[stm32f103rbtx]"
Questionable use of curly braces in "projectmanager.firmwarepackage={stm32cube} fw_f1 v1.8.7"
    Error: undefined symbol in: "[stm32cube]"
Questionable use of curly braces in "projectmanager.freepins={false}"
    Error: undefined symbol in: "[false]"
Questionable use of curly braces in "projectmanager.halassertfull={false}"
    Error: undefined symbol in: "[false]"
Questionable use of curly braces in "projectmanager.keepusercode={true}"
    Error: undefined symbol in: "[true]"
Questionable use of curly braces in "projectmanager.lastfirmware={true}"
    Error: undefined symbol in: "[true]"
Questionable use of curly braces in "projectmanager.nomain={false}"
    Error: undefined symbol in: "[false]"
Questionable use of curly braces in "projectmanager.projectbuild={false}"
    Error: undefined symbol in: "[false]"
Questionable use of curly braces in "projectmanager.projectfilename={code.ioc}"
    Error: undefined symbol in: "[code.ioc]"
Questionable use of curly braces in "projectmanager.projectname={code}"
    Error: undefined symbol in: "[code]"
Questionable use of curly braces in "projectmanager.targettoolchain={stm32cubeide}"
    Error: undefined symbol in: "[stm32cubeide]"
Questionable use of curly braces in "projectmanager.underroot={true}"
    Error: undefined symbol in: "[true]"
Questionable use of curly braces in "rcc.apb1clkdivider={rcc_hclk_div2}"
    Error: undefined symbol in: "[rcc_hclk_div2]"
Questionable use of curly braces in "rcc.familyname={m}"
    Error: undefined symbol in: "[m]"
Questionable use of curly braces in "rcc.pllmul={rcc_pll_mul16}"
    Error: undefined symbol in: "[rcc_pll_mul16]"
Questionable use of curly braces in "rcc.rtcclockselection={rcc_rtcclksource_lse}"
    Error: undefined symbol in: "[rcc_rtcclksource_lse]"
Questionable use of curly braces in "rcc.sysclksource={rcc_sysclksource_pllclk}"
    Error: undefined symbol in: "[rcc_sysclksource_pllclk]"
Questionable use of curly braces in "sh.gpxti10.0={gpio_exti10}"
    Error: undefined symbol in: "[gpio_exti10]"
Questionable use of curly braces in "sh.gpxti11.0={gpio_exti11}"
    Error: undefined symbol in: "[gpio_exti11]"
Questionable use of curly braces in "sh.gpxti13.0={gpio_exti13}"
    Error: undefined symbol in: "[gpio_exti13]"
Questionable use of curly braces in "usart2.ipparameters={virtualmode}"
    Error: undefined symbol in: "[virtualmode]"
Questionable use of curly braces in "usart2.virtualmode={vm_async}"
    Error: undefined symbol in: "[vm_async]"
Questionable use of curly braces in "vp_sys_vs_systick.mode={systick}"
    Error: undefined symbol in: "[systick]"
Questionable use of curly braces in "vp_sys_vs_systick.signal={sys_vs_systick}"
    Error: undefined symbol in: "[sys_vs_systick]"
Questionable use of curly braces in "boardioc={true}"
    Error: undefined symbol in: "[true]"
Questionable use of curly braces in "isbadioc={false}"
    Error: undefined symbol in: "[false]"
Fatal Error: Mutual Inductance card missing coupled inductor: keepuserplacement=(false)
